<?xml version="1.0" encoding="UTF-8"?>
<testsuite xmlns:xsi="http://www.w3.org/2001/XMLSchema-instance" xsi:noNamespaceSchemaLocation="https://maven.apache.org/surefire/maven-surefire-plugin/xsd/surefire-test-report.xsd" name="com.itheima.algorithms.DataStructureAndAlgorithmsApplicationTests" time="0.48" tests="1" errors="0" skipped="0" failures="0">
  <properties>
    <property name="java.specification.version" value="21"/>
    <property name="sun.jnu.encoding" value="UTF-8"/>
    <property name="java.class.path" value="/Users/chendong/Desktop/Java/黑马_数据结构与算法/Data Structure and Algorithms/target/test-classes:/Users/chendong/Desktop/Java/黑马_数据结构与算法/Data Structure and Algorithms/target/classes:/opt/homebrew/Cellar/maven/3.9.7/libexec/mvn_repo/org/springframework/boot/spring-boot-starter/3.0.0/spring-boot-starter-3.0.0.jar:/opt/homebrew/Cellar/maven/3.9.7/libexec/mvn_repo/org/springframework/boot/spring-boot/3.0.0/spring-boot-3.0.0.jar:/opt/homebrew/Cellar/maven/3.9.7/libexec/mvn_repo/org/springframework/spring-context/6.0.2/spring-context-6.0.2.jar:/opt/homebrew/Cellar/maven/3.9.7/libexec/mvn_repo/org/springframework/spring-aop/6.0.2/spring-aop-6.0.2.jar:/opt/homebrew/Cellar/maven/3.9.7/libexec/mvn_repo/org/springframework/spring-beans/6.0.2/spring-beans-6.0.2.jar:/opt/homebrew/Cellar/maven/3.9.7/libexec/mvn_repo/org/springframework/spring-expression/6.0.2/spring-expression-6.0.2.jar:/opt/homebrew/Cellar/maven/3.9.7/libexec/mvn_repo/org/springframework/boot/spring-boot-autoconfigure/3.0.0/spring-boot-autoconfigure-3.0.0.jar:/opt/homebrew/Cellar/maven/3.9.7/libexec/mvn_repo/org/springframework/boot/spring-boot-starter-logging/3.0.0/spring-boot-starter-logging-3.0.0.jar:/opt/homebrew/Cellar/maven/3.9.7/libexec/mvn_repo/ch/qos/logback/logback-classic/1.4.5/logback-classic-1.4.5.jar:/opt/homebrew/Cellar/maven/3.9.7/libexec/mvn_repo/ch/qos/logback/logback-core/1.4.5/logback-core-1.4.5.jar:/opt/homebrew/Cellar/maven/3.9.7/libexec/mvn_repo/org/apache/logging/log4j/log4j-to-slf4j/2.19.0/log4j-to-slf4j-2.19.0.jar:/opt/homebrew/Cellar/maven/3.9.7/libexec/mvn_repo/org/apache/logging/log4j/log4j-api/2.19.0/log4j-api-2.19.0.jar:/opt/homebrew/Cellar/maven/3.9.7/libexec/mvn_repo/org/slf4j/jul-to-slf4j/2.0.4/jul-to-slf4j-2.0.4.jar:/opt/homebrew/Cellar/maven/3.9.7/libexec/mvn_repo/jakarta/annotation/jakarta.annotation-api/2.1.1/jakarta.annotation-api-2.1.1.jar:/opt/homebrew/Cellar/maven/3.9.7/libexec/mvn_repo/org/springframework/spring-core/6.0.2/spring-core-6.0.2.jar:/opt/homebrew/Cellar/maven/3.9.7/libexec/mvn_repo/org/springframework/spring-jcl/6.0.2/spring-jcl-6.0.2.jar:/opt/homebrew/Cellar/maven/3.9.7/libexec/mvn_repo/org/yaml/snakeyaml/1.33/snakeyaml-1.33.jar:/opt/homebrew/Cellar/maven/3.9.7/libexec/mvn_repo/org/springframework/boot/spring-boot-starter-test/3.0.0/spring-boot-starter-test-3.0.0.jar:/opt/homebrew/Cellar/maven/3.9.7/libexec/mvn_repo/org/springframework/boot/spring-boot-test/3.0.0/spring-boot-test-3.0.0.jar:/opt/homebrew/Cellar/maven/3.9.7/libexec/mvn_repo/org/springframework/boot/spring-boot-test-autoconfigure/3.0.0/spring-boot-test-autoconfigure-3.0.0.jar:/opt/homebrew/Cellar/maven/3.9.7/libexec/mvn_repo/com/jayway/jsonpath/json-path/2.7.0/json-path-2.7.0.jar:/opt/homebrew/Cellar/maven/3.9.7/libexec/mvn_repo/net/minidev/json-smart/2.4.8/json-smart-2.4.8.jar:/opt/homebrew/Cellar/maven/3.9.7/libexec/mvn_repo/net/minidev/accessors-smart/2.4.8/accessors-smart-2.4.8.jar:/opt/homebrew/Cellar/maven/3.9.7/libexec/mvn_repo/org/ow2/asm/asm/9.1/asm-9.1.jar:/opt/homebrew/Cellar/maven/3.9.7/libexec/mvn_repo/org/slf4j/slf4j-api/2.0.4/slf4j-api-2.0.4.jar:/opt/homebrew/Cellar/maven/3.9.7/libexec/mvn_repo/jakarta/xml/bind/jakarta.xml.bind-api/4.0.0/jakarta.xml.bind-api-4.0.0.jar:/opt/homebrew/Cellar/maven/3.9.7/libexec/mvn_repo/jakarta/activation/jakarta.activation-api/2.1.0/jakarta.activation-api-2.1.0.jar:/opt/homebrew/Cellar/maven/3.9.7/libexec/mvn_repo/org/assertj/assertj-core/3.23.1/assertj-core-3.23.1.jar:/opt/homebrew/Cellar/maven/3.9.7/libexec/mvn_repo/net/bytebuddy/byte-buddy/1.12.19/byte-buddy-1.12.19.jar:/opt/homebrew/Cellar/maven/3.9.7/libexec/mvn_repo/org/hamcrest/hamcrest/2.2/hamcrest-2.2.jar:/opt/homebrew/Cellar/maven/3.9.7/libexec/mvn_repo/org/junit/jupiter/junit-jupiter/5.9.1/junit-jupiter-5.9.1.jar:/opt/homebrew/Cellar/maven/3.9.7/libexec/mvn_repo/org/junit/jupiter/junit-jupiter-params/5.9.1/junit-jupiter-params-5.9.1.jar:/opt/homebrew/Cellar/maven/3.9.7/libexec/mvn_repo/org/mockito/mockito-core/4.8.1/mockito-core-4.8.1.jar:/opt/homebrew/Cellar/maven/3.9.7/libexec/mvn_repo/net/bytebuddy/byte-buddy-agent/1.12.19/byte-buddy-agent-1.12.19.jar:/opt/homebrew/Cellar/maven/3.9.7/libexec/mvn_repo/org/objenesis/objenesis/3.2/objenesis-3.2.jar:/opt/homebrew/Cellar/maven/3.9.7/libexec/mvn_repo/org/mockito/mockito-junit-jupiter/4.8.1/mockito-junit-jupiter-4.8.1.jar:/opt/homebrew/Cellar/maven/3.9.7/libexec/mvn_repo/org/skyscreamer/jsonassert/1.5.1/jsonassert-1.5.1.jar:/opt/homebrew/Cellar/maven/3.9.7/libexec/mvn_repo/com/vaadin/external/google/android-json/0.0.20131108.vaadin1/android-json-0.0.20131108.vaadin1.jar:/opt/homebrew/Cellar/maven/3.9.7/libexec/mvn_repo/org/springframework/spring-test/6.0.2/spring-test-6.0.2.jar:/opt/homebrew/Cellar/maven/3.9.7/libexec/mvn_repo/org/xmlunit/xmlunit-core/2.9.0/xmlunit-core-2.9.0.jar:/opt/homebrew/Cellar/maven/3.9.7/libexec/mvn_repo/org/junit/jupiter/junit-jupiter-api/5.9.3/junit-jupiter-api-5.9.3.jar:/opt/homebrew/Cellar/maven/3.9.7/libexec/mvn_repo/org/opentest4j/opentest4j/1.2.0/opentest4j-1.2.0.jar:/opt/homebrew/Cellar/maven/3.9.7/libexec/mvn_repo/org/junit/platform/junit-platform-commons/1.9.1/junit-platform-commons-1.9.1.jar:/opt/homebrew/Cellar/maven/3.9.7/libexec/mvn_repo/org/apiguardian/apiguardian-api/1.1.2/apiguardian-api-1.1.2.jar:/opt/homebrew/Cellar/maven/3.9.7/libexec/mvn_repo/org/junit/jupiter/junit-jupiter-engine/5.9.3/junit-jupiter-engine-5.9.3.jar:/opt/homebrew/Cellar/maven/3.9.7/libexec/mvn_repo/org/junit/platform/junit-platform-engine/1.9.1/junit-platform-engine-1.9.1.jar:"/>
    <property name="java.vm.vendor" value="Homebrew"/>
    <property name="sun.arch.data.model" value="64"/>
    <property name="java.vendor.url" value="https://github.com/Homebrew/homebrew-core/issues"/>
    <property name="os.name" value="Mac OS X"/>
    <property name="java.vm.specification.version" value="21"/>
    <property name="sun.java.launcher" value="SUN_STANDARD"/>
    <property name="user.country" value="US"/>
    <property name="sun.boot.library.path" value="/opt/homebrew/Cellar/openjdk/21.0.3/libexec/openjdk.jdk/Contents/Home/lib"/>
    <property name="sun.java.command" value="/Users/chendong/Desktop/Java/黑马_数据结构与算法/Data Structure and Algorithms/target/surefire/surefirebooter2006063187267989948.jar /Users/chendong/Desktop/Java/黑马_数据结构与算法/Data Structure and Algorithms/target/surefire 2024-05-31T18-43-28_969-jvmRun1 surefire4797801140886633403tmp surefire_03874829711592137022tmp"/>
    <property name="http.nonProxyHosts" value="local|*.local|169.254/16|*.169.254/16"/>
    <property name="jdk.debug" value="release"/>
    <property name="surefire.test.class.path" value="/Users/chendong/Desktop/Java/黑马_数据结构与算法/Data Structure and Algorithms/target/test-classes:/Users/chendong/Desktop/Java/黑马_数据结构与算法/Data Structure and Algorithms/target/classes:/opt/homebrew/Cellar/maven/3.9.7/libexec/mvn_repo/org/springframework/boot/spring-boot-starter/3.0.0/spring-boot-starter-3.0.0.jar:/opt/homebrew/Cellar/maven/3.9.7/libexec/mvn_repo/org/springframework/boot/spring-boot/3.0.0/spring-boot-3.0.0.jar:/opt/homebrew/Cellar/maven/3.9.7/libexec/mvn_repo/org/springframework/spring-context/6.0.2/spring-context-6.0.2.jar:/opt/homebrew/Cellar/maven/3.9.7/libexec/mvn_repo/org/springframework/spring-aop/6.0.2/spring-aop-6.0.2.jar:/opt/homebrew/Cellar/maven/3.9.7/libexec/mvn_repo/org/springframework/spring-beans/6.0.2/spring-beans-6.0.2.jar:/opt/homebrew/Cellar/maven/3.9.7/libexec/mvn_repo/org/springframework/spring-expression/6.0.2/spring-expression-6.0.2.jar:/opt/homebrew/Cellar/maven/3.9.7/libexec/mvn_repo/org/springframework/boot/spring-boot-autoconfigure/3.0.0/spring-boot-autoconfigure-3.0.0.jar:/opt/homebrew/Cellar/maven/3.9.7/libexec/mvn_repo/org/springframework/boot/spring-boot-starter-logging/3.0.0/spring-boot-starter-logging-3.0.0.jar:/opt/homebrew/Cellar/maven/3.9.7/libexec/mvn_repo/ch/qos/logback/logback-classic/1.4.5/logback-classic-1.4.5.jar:/opt/homebrew/Cellar/maven/3.9.7/libexec/mvn_repo/ch/qos/logback/logback-core/1.4.5/logback-core-1.4.5.jar:/opt/homebrew/Cellar/maven/3.9.7/libexec/mvn_repo/org/apache/logging/log4j/log4j-to-slf4j/2.19.0/log4j-to-slf4j-2.19.0.jar:/opt/homebrew/Cellar/maven/3.9.7/libexec/mvn_repo/org/apache/logging/log4j/log4j-api/2.19.0/log4j-api-2.19.0.jar:/opt/homebrew/Cellar/maven/3.9.7/libexec/mvn_repo/org/slf4j/jul-to-slf4j/2.0.4/jul-to-slf4j-2.0.4.jar:/opt/homebrew/Cellar/maven/3.9.7/libexec/mvn_repo/jakarta/annotation/jakarta.annotation-api/2.1.1/jakarta.annotation-api-2.1.1.jar:/opt/homebrew/Cellar/maven/3.9.7/libexec/mvn_repo/org/springframework/spring-core/6.0.2/spring-core-6.0.2.jar:/opt/homebrew/Cellar/maven/3.9.7/libexec/mvn_repo/org/springframework/spring-jcl/6.0.2/spring-jcl-6.0.2.jar:/opt/homebrew/Cellar/maven/3.9.7/libexec/mvn_repo/org/yaml/snakeyaml/1.33/snakeyaml-1.33.jar:/opt/homebrew/Cellar/maven/3.9.7/libexec/mvn_repo/org/springframework/boot/spring-boot-starter-test/3.0.0/spring-boot-starter-test-3.0.0.jar:/opt/homebrew/Cellar/maven/3.9.7/libexec/mvn_repo/org/springframework/boot/spring-boot-test/3.0.0/spring-boot-test-3.0.0.jar:/opt/homebrew/Cellar/maven/3.9.7/libexec/mvn_repo/org/springframework/boot/spring-boot-test-autoconfigure/3.0.0/spring-boot-test-autoconfigure-3.0.0.jar:/opt/homebrew/Cellar/maven/3.9.7/libexec/mvn_repo/com/jayway/jsonpath/json-path/2.7.0/json-path-2.7.0.jar:/opt/homebrew/Cellar/maven/3.9.7/libexec/mvn_repo/net/minidev/json-smart/2.4.8/json-smart-2.4.8.jar:/opt/homebrew/Cellar/maven/3.9.7/libexec/mvn_repo/net/minidev/accessors-smart/2.4.8/accessors-smart-2.4.8.jar:/opt/homebrew/Cellar/maven/3.9.7/libexec/mvn_repo/org/ow2/asm/asm/9.1/asm-9.1.jar:/opt/homebrew/Cellar/maven/3.9.7/libexec/mvn_repo/org/slf4j/slf4j-api/2.0.4/slf4j-api-2.0.4.jar:/opt/homebrew/Cellar/maven/3.9.7/libexec/mvn_repo/jakarta/xml/bind/jakarta.xml.bind-api/4.0.0/jakarta.xml.bind-api-4.0.0.jar:/opt/homebrew/Cellar/maven/3.9.7/libexec/mvn_repo/jakarta/activation/jakarta.activation-api/2.1.0/jakarta.activation-api-2.1.0.jar:/opt/homebrew/Cellar/maven/3.9.7/libexec/mvn_repo/org/assertj/assertj-core/3.23.1/assertj-core-3.23.1.jar:/opt/homebrew/Cellar/maven/3.9.7/libexec/mvn_repo/net/bytebuddy/byte-buddy/1.12.19/byte-buddy-1.12.19.jar:/opt/homebrew/Cellar/maven/3.9.7/libexec/mvn_repo/org/hamcrest/hamcrest/2.2/hamcrest-2.2.jar:/opt/homebrew/Cellar/maven/3.9.7/libexec/mvn_repo/org/junit/jupiter/junit-jupiter/5.9.1/junit-jupiter-5.9.1.jar:/opt/homebrew/Cellar/maven/3.9.7/libexec/mvn_repo/org/junit/jupiter/junit-jupiter-params/5.9.1/junit-jupiter-params-5.9.1.jar:/opt/homebrew/Cellar/maven/3.9.7/libexec/mvn_repo/org/mockito/mockito-core/4.8.1/mockito-core-4.8.1.jar:/opt/homebrew/Cellar/maven/3.9.7/libexec/mvn_repo/net/bytebuddy/byte-buddy-agent/1.12.19/byte-buddy-agent-1.12.19.jar:/opt/homebrew/Cellar/maven/3.9.7/libexec/mvn_repo/org/objenesis/objenesis/3.2/objenesis-3.2.jar:/opt/homebrew/Cellar/maven/3.9.7/libexec/mvn_repo/org/mockito/mockito-junit-jupiter/4.8.1/mockito-junit-jupiter-4.8.1.jar:/opt/homebrew/Cellar/maven/3.9.7/libexec/mvn_repo/org/skyscreamer/jsonassert/1.5.1/jsonassert-1.5.1.jar:/opt/homebrew/Cellar/maven/3.9.7/libexec/mvn_repo/com/vaadin/external/google/android-json/0.0.20131108.vaadin1/android-json-0.0.20131108.vaadin1.jar:/opt/homebrew/Cellar/maven/3.9.7/libexec/mvn_repo/org/springframework/spring-test/6.0.2/spring-test-6.0.2.jar:/opt/homebrew/Cellar/maven/3.9.7/libexec/mvn_repo/org/xmlunit/xmlunit-core/2.9.0/xmlunit-core-2.9.0.jar:/opt/homebrew/Cellar/maven/3.9.7/libexec/mvn_repo/org/junit/jupiter/junit-jupiter-api/5.9.3/junit-jupiter-api-5.9.3.jar:/opt/homebrew/Cellar/maven/3.9.7/libexec/mvn_repo/org/opentest4j/opentest4j/1.2.0/opentest4j-1.2.0.jar:/opt/homebrew/Cellar/maven/3.9.7/libexec/mvn_repo/org/junit/platform/junit-platform-commons/1.9.1/junit-platform-commons-1.9.1.jar:/opt/homebrew/Cellar/maven/3.9.7/libexec/mvn_repo/org/apiguardian/apiguardian-api/1.1.2/apiguardian-api-1.1.2.jar:/opt/homebrew/Cellar/maven/3.9.7/libexec/mvn_repo/org/junit/jupiter/junit-jupiter-engine/5.9.3/junit-jupiter-engine-5.9.3.jar:/opt/homebrew/Cellar/maven/3.9.7/libexec/mvn_repo/org/junit/platform/junit-platform-engine/1.9.1/junit-platform-engine-1.9.1.jar:"/>
    <property name="sun.cpu.endian" value="little"/>
    <property name="user.home" value="/Users/chendong"/>
    <property name="user.language" value="en"/>
    <property name="java.specification.vendor" value="Oracle Corporation"/>
    <property name="java.version.date" value="2024-04-16"/>
    <property name="java.home" value="/opt/homebrew/Cellar/openjdk/21.0.3/libexec/openjdk.jdk/Contents/Home"/>
    <property name="file.separator" value="/"/>
    <property name="basedir" value="/Users/chendong/Desktop/Java/黑马_数据结构与算法/Data Structure and Algorithms"/>
    <property name="java.vm.compressedOopsMode" value="Zero based"/>
    <property name="line.separator" value="&#10;"/>
    <property name="java.vm.specification.vendor" value="Oracle Corporation"/>
    <property name="java.specification.name" value="Java Platform API Specification"/>
    <property name="apple.awt.application.name" value="ForkedBooter"/>
    <property name="surefire.real.class.path" value="/Users/chendong/Desktop/Java/黑马_数据结构与算法/Data Structure and Algorithms/target/surefire/surefirebooter2006063187267989948.jar"/>
    <property name="sun.management.compiler" value="HotSpot 64-Bit Tiered Compilers"/>
    <property name="ftp.nonProxyHosts" value="local|*.local|169.254/16|*.169.254/16"/>
    <property name="java.runtime.version" value="21.0.3"/>
    <property name="user.name" value="chendong"/>
    <property name="stdout.encoding" value="UTF-8"/>
    <property name="path.separator" value=":"/>
    <property name="os.version" value="14.4.1"/>
    <property name="java.runtime.name" value="OpenJDK Runtime Environment"/>
    <property name="file.encoding" value="UTF-8"/>
    <property name="java.vm.name" value="OpenJDK 64-Bit Server VM"/>
    <property name="java.vendor.version" value="Homebrew"/>
    <property name="localRepository" value="/opt/homebrew/Cellar/maven/3.9.7/libexec/mvn_repo"/>
    <property name="java.vendor.url.bug" value="https://github.com/Homebrew/homebrew-core/issues"/>
    <property name="java.io.tmpdir" value="/var/folders/dn/4x09vh_n7lq8z4dlqgkjm9kh0000gn/T/"/>
    <property name="java.version" value="21.0.3"/>
    <property name="user.dir" value="/Users/chendong/Desktop/Java/黑马_数据结构与算法/Data Structure and Algorithms"/>
    <property name="os.arch" value="aarch64"/>
    <property name="java.vm.specification.name" value="Java Virtual Machine Specification"/>
    <property name="native.encoding" value="UTF-8"/>
    <property name="java.library.path" value="/Users/chendong/Library/Java/Extensions:/Library/Java/Extensions:/Network/Library/Java/Extensions:/System/Library/Java/Extensions:/usr/lib/java:."/>
    <property name="java.vm.info" value="mixed mode, sharing"/>
    <property name="stderr.encoding" value="UTF-8"/>
    <property name="java.vendor" value="Homebrew"/>
    <property name="java.vm.version" value="21.0.3"/>
    <property name="sun.io.unicode.encoding" value="UnicodeBig"/>
    <property name="socksNonProxyHosts" value="local|*.local|169.254/16|*.169.254/16"/>
    <property name="java.class.version" value="65.0"/>
  </properties>
  <testcase name="contextLoads" classname="com.itheima.algorithms.DataStructureAndAlgorithmsApplicationTests" time="0.072"/>
</testsuite>